2020-10-23 16:20:30,776 - INFO - 是用户luhan信息写入MongoDB数据库完毕
2020-10-23 16:20:30,777 - INFO - ++++++++++++++++++++++++++++++++++++++++++++++++++++++++++++++++++++++++++++++++++++++++++++++++++++
2020-10-23 16:20:30,778 - INFO - 用户昵称：是用户luhan
2020-10-23 16:20:30,779 - INFO - ++++++++++++++++++++++++++++++++++++++++++++++++++++++++++++++++++++++++++++++++++++++++++++++++++++
2020-10-23 16:20:31,277 - INFO - 微博正文：这一个星期是忙碌的打工人明天后天说什么也不会加班 
2020-10-23 16:20:31,280 - INFO - ------------------------------------------------------------------------------------------------------------------------
2020-10-23 16:20:31,282 - INFO - 微博正文：去年这个时候应该有很多有趣的事情 可是都回想不起来 没有记录 有的片段也都删了  真可惜 
2020-10-23 16:20:31,284 - INFO - ------------------------------------------------------------------------------------------------------------------------
2020-10-23 16:20:31,285 - INFO - 微博正文：买了一盒饼干带到办公室我的同事都很嫌弃众口一词 说 咬不动 
2020-10-23 16:20:31,289 - INFO - ------------------------------------------------------------------------------------------------------------------------
2020-10-23 16:20:31,484 - INFO - 微博正文：晚上刚过公寓门卫安检的大门  就听见一声巨响是一辆渣土车把一辆白色小轿车的车头给撞飞了  万幸的是车主人没事 不知道具体什么情况不过这块区域就是有很多渣土车的事故  那些司机都惘视交规 开得迅猛不说还经常闯红灯 去年也是有渣土车开得太快拐弯侧翻把一辆教练车给压毁了 车内人都受伤 重则身亡 导致那段时间我过马路都特别谨慎 所以说 开车要远离大卡车 渣土车 又是加深我不想自己开车的一个理由糟糕透顶的驾驶技术我自己都恐惧的不行
2020-10-23 16:20:31,486 - INFO - ------------------------------------------------------------------------------------------------------------------------
2020-10-23 16:20:31,487 - INFO - 微博正文：#立志当个美食家#这个必须要打卡没见过的都是新奇的 
2020-10-23 16:20:31,487 - INFO - ------------------------------------------------------------------------------------------------------------------------
2020-10-23 16:20:31,488 - INFO - 微博正文：#立志当个美食家#东北粘豆包请求加入不错不错 合我的胃 就是我自己蒸的比较粗糙色这一块没有把控严格 
2020-10-23 16:20:31,489 - INFO - ------------------------------------------------------------------------------------------------------------------------
2020-10-23 16:20:31,489 - INFO - 微博正文：那怎么可能告诉 女孩子都是在意细节的吧细节这个东西 说出来就没意思了啊 
2020-10-23 16:20:31,490 - INFO - ------------------------------------------------------------------------------------------------------------------------
2020-10-23 16:20:31,491 - INFO - 微博正文：每年双十一第一个想到的就是买鞋女生不是应该要囤化妆品护肤品吗真是不敬业 
2020-10-23 16:20:31,491 - INFO - ------------------------------------------------------------------------------------------------------------------------
2020-10-23 16:20:31,492 - INFO - 微博正文：耐克真有你的 这不虚假营销吗根本就没上架 
2020-10-23 16:20:31,492 - INFO - ------------------------------------------------------------------------------------------------------------------------
2020-10-23 16:20:31,661 - INFO - 正在过滤转发微博
2020-10-23 16:20:31,661 - INFO - ------------------------------已获取是用户luhan(3756275632)的第1页微博------------------------------
2020-10-23 16:20:38,018 - INFO - 微博正文：神才可以永远绝对理性和绝对抑郁 
2020-10-23 16:20:38,018 - INFO - ------------------------------------------------------------------------------------------------------------------------
2020-10-23 16:20:38,019 - INFO - 微博正文：杰伦什么时候开演唱会算了 那时候可能我又抢不到票 
2020-10-23 16:20:38,020 - INFO - ------------------------------------------------------------------------------------------------------------------------
2020-10-23 16:20:38,187 - INFO - 微博正文：早上来公司带了一盒椰子饼 拆封的时候正好有个同事在旁边就给了他两个 然后群里说过期了 我一开始没在意等到自己开始吃的时候 顺便看了一下保质期完了 真的被他们说中了怪我喜欢买很多零食压箱子 可能很多零食过期了我都还没开始吃也不知道那个同事吃了有没有什么不适我不敢说 我的良心受到了莫大的谴责
2020-10-23 16:20:38,188 - INFO - ------------------------------------------------------------------------------------------------------------------------
2020-10-23 16:20:38,189 - INFO - ------------------------------已获取是用户luhan(3756275632)的第2页微博------------------------------
2020-10-23 16:20:38,771 - INFO - 12条微博写入MongoDB数据库完毕
2020-10-23 16:20:38,772 - INFO - 微博爬取完成，共爬取12条微博
2020-10-23 16:20:38,772 - INFO - 信息抓取完毕
2020-10-23 16:20:38,773 - INFO - ****************************************************************************************************
2020-10-23 17:32:04,120 - INFO - 是用户luhan信息写入MongoDB数据库完毕
2020-10-23 17:32:04,121 - INFO - ++++++++++++++++++++++++++++++++++++++++++++++++++++++++++++++++++++++++++++++++++++++++++++++++++++
2020-10-23 17:32:04,121 - INFO - 用户昵称：是用户luhan
2020-10-23 17:32:04,121 - INFO - ++++++++++++++++++++++++++++++++++++++++++++++++++++++++++++++++++++++++++++++++++++++++++++++++++++
2020-10-23 17:32:04,655 - INFO - 微博正文：公司新搞的这个人脸识别很有礼貌 都会跟我问好 不厌其烦 一遍又一遍 
2020-10-23 17:32:04,655 - INFO - ------------------------------------------------------------------------------------------------------------------------
2020-10-23 17:32:04,655 - INFO - 微博正文：早上急急忙忙在公寓楼下超市买的这个抹茶巧克力蛋糕🍰还不错 
2020-10-23 17:32:04,655 - INFO - ------------------------------------------------------------------------------------------------------------------------
2020-10-23 17:32:04,656 - INFO - 微博正文：晚上决定回去煮一下众人皆说好吃的螺蛳粉也不知道自己能不能扛得住听说极臭 
2020-10-23 17:32:04,656 - INFO - ------------------------------------------------------------------------------------------------------------------------
2020-10-23 17:32:04,656 - INFO - 微博正文：这一个星期是忙碌的打工人明天后天说什么也不会加班 
2020-10-23 17:32:04,656 - INFO - ------------------------------------------------------------------------------------------------------------------------
2020-10-23 17:32:04,657 - INFO - 微博正文：去年这个时候应该有很多有趣的事情 可是都回想不起来 没有记录 有的片段也都删了  真可惜 
2020-10-23 17:32:04,657 - INFO - ------------------------------------------------------------------------------------------------------------------------
2020-10-23 17:32:04,657 - INFO - 微博正文：买了一盒饼干带到办公室我的同事都很嫌弃众口一词 说 咬不动 
2020-10-23 17:32:04,657 - INFO - ------------------------------------------------------------------------------------------------------------------------
2020-10-23 17:32:04,824 - INFO - 微博正文：晚上刚过公寓门卫安检的大门  就听见一声巨响是一辆渣土车把一辆白色小轿车的车头给撞飞了  万幸的是车主人没事 不知道具体什么情况不过这块区域就是有很多渣土车的事故  那些司机都惘视交规 开得迅猛不说还经常闯红灯 去年也是有渣土车开得太快拐弯侧翻把一辆教练车给压毁了 车内人都受伤 重则身亡 导致那段时间我过马路都特别谨慎 所以说 开车要远离大卡车 渣土车 又是加深我不想自己开车的一个理由糟糕透顶的驾驶技术我自己都恐惧的不行
2020-10-23 17:32:04,824 - INFO - ------------------------------------------------------------------------------------------------------------------------
2020-10-23 17:32:04,825 - INFO - 微博正文：#立志当个美食家#这个必须要打卡没见过的都是新奇的 
2020-10-23 17:32:04,825 - INFO - ------------------------------------------------------------------------------------------------------------------------
2020-10-23 17:32:04,825 - INFO - 微博正文：#立志当个美食家#东北粘豆包请求加入不错不错 合我的胃 就是我自己蒸的比较粗糙色这一块没有把控严格 
2020-10-23 17:32:04,825 - INFO - ------------------------------------------------------------------------------------------------------------------------
2020-10-23 17:32:04,826 - INFO - 微博正文：那怎么可能告诉 女孩子都是在意细节的吧细节这个东西 说出来就没意思了啊 
2020-10-23 17:32:04,826 - INFO - ------------------------------------------------------------------------------------------------------------------------
2020-10-23 17:32:04,826 - INFO - ------------------------------已获取是用户luhan(3756275632)的第1页微博------------------------------
2020-10-23 17:32:06,073 - INFO - 微博正文：每年双十一第一个想到的就是买鞋女生不是应该要囤化妆品护肤品吗真是不敬业 
2020-10-23 17:32:06,073 - INFO - ------------------------------------------------------------------------------------------------------------------------
2020-10-23 17:32:06,073 - INFO - 微博正文：耐克真有你的 这不虚假营销吗根本就没上架 
2020-10-23 17:32:06,073 - INFO - ------------------------------------------------------------------------------------------------------------------------
2020-10-23 17:32:06,238 - INFO - 正在过滤转发微博
2020-10-23 17:32:06,238 - INFO - 微博正文：神才可以永远绝对理性和绝对抑郁 
2020-10-23 17:32:06,238 - INFO - ------------------------------------------------------------------------------------------------------------------------
2020-10-23 17:32:06,239 - INFO - 微博正文：杰伦什么时候开演唱会算了 那时候可能我又抢不到票 
2020-10-23 17:32:06,239 - INFO - ------------------------------------------------------------------------------------------------------------------------
2020-10-23 17:32:06,405 - INFO - 微博正文：早上来公司带了一盒椰子饼 拆封的时候正好有个同事在旁边就给了他两个 然后群里说过期了 我一开始没在意等到自己开始吃的时候 顺便看了一下保质期完了 真的被他们说中了怪我喜欢买很多零食压箱子 可能很多零食过期了我都还没开始吃也不知道那个同事吃了有没有什么不适我不敢说 我的良心受到了莫大的谴责
2020-10-23 17:32:06,406 - INFO - ------------------------------------------------------------------------------------------------------------------------
2020-10-23 17:32:06,406 - INFO - 微博正文：终于有时间捣鼓这个小玩意儿啦你以为它是个拍拍小夜灯 其实是个蓝牙音箱啦哈哈 微博视频 
2020-10-23 17:32:06,406 - INFO - ------------------------------------------------------------------------------------------------------------------------
2020-10-23 17:32:06,406 - INFO - 微博正文：拍拍 
2020-10-23 17:32:06,406 - INFO - ------------------------------------------------------------------------------------------------------------------------
2020-10-23 17:32:06,407 - INFO - 微博正文：昨天的成果 好感人 
2020-10-23 17:32:06,407 - INFO - ------------------------------------------------------------------------------------------------------------------------
2020-10-23 17:32:06,407 - INFO - 微博正文：总感觉今年的春夏季特别短暂  一下子就换上了温暖的衣服 还是说现在越来越怕冷了 养生茶又得每天喝起来了 年级真的是大了 
2020-10-23 17:32:06,407 - INFO - ------------------------------------------------------------------------------------------------------------------------
2020-10-23 17:32:06,407 - INFO - ------------------------------已获取是用户luhan(3756275632)的第2页微博------------------------------
2020-10-23 17:32:06,654 - INFO - 微博正文：窗户关好 窗帘拉上没有一丝光亮 些许车辆来往嘈杂身体和大脑以为这是晚上 该睡个七八个小时没有闹钟和外力打扰是不会醒的 
2020-10-23 17:32:06,654 - INFO - ------------------------------------------------------------------------------------------------------------------------
2020-10-23 17:32:06,654 - INFO - 微博正文：馒头有模有样 
2020-10-23 17:32:06,654 - INFO - ------------------------------------------------------------------------------------------------------------------------
2020-10-23 17:32:06,655 - INFO - 微博正文：突如其来的一场发烧  来的迅猛 这个阶段去医院发热一去就要做核酸检测 本来挂的急诊 一查我的行程轨迹去过外省立马让我去发热门诊 弄得人心惶惶还好一切都是急匆匆 病毒走的也很快 生病的时候身心都太脆弱 再也不想有这种感受强身健体[加油][加油][加油] 
2020-10-23 17:32:06,655 - INFO - ------------------------------------------------------------------------------------------------------------------------
2020-10-23 17:32:06,655 - INFO - 微博正文：一则故事 微博视频 
2020-10-23 17:32:06,655 - INFO - ------------------------------------------------------------------------------------------------------------------------
2020-10-23 17:32:06,656 - INFO - 微博正文：#立志当个美食家#第二次来吃桂满陇觉得好吃就又来啦 上一次是在上海八佰伴叭大发慈悲在点完菜后给了cpz一次点菜的权利没想到给我点了个馒头真是实在 无锡·无锡八佰伴 
2020-10-23 17:32:06,656 - INFO - ------------------------------------------------------------------------------------------------------------------------
2020-10-23 17:32:06,656 - INFO - 微博正文：这两天被安利了本小说《嫁给一个和尚》文笔不错上班偷偷摸摸硬是看完了天啦 罗伽我太可了 
2020-10-23 17:32:06,656 - INFO - ------------------------------------------------------------------------------------------------------------------------
2020-10-23 17:32:06,657 - INFO - 微博正文：去其他组转转 搜刮一点民脂民膏 
2020-10-23 17:32:06,657 - INFO - ------------------------------------------------------------------------------------------------------------------------
2020-10-23 17:32:06,657 - INFO - 微博正文：千万不要嘲笑口腔溃疡的人 总有一天 你也会有 
2020-10-23 17:32:06,657 - INFO - ------------------------------------------------------------------------------------------------------------------------
2020-10-23 17:32:06,657 - INFO - 微博正文：喝了一半不想喝的牛奶 咖啡 绿茶 红茶 全都倒给它了 估计快被我折腾不行了叭 
2020-10-23 17:32:06,658 - INFO - ------------------------------------------------------------------------------------------------------------------------
2020-10-23 17:32:06,658 - INFO - 微博正文：低烧快退 🙏乖乖睡觉 
2020-10-23 17:32:06,658 - INFO - ------------------------------------------------------------------------------------------------------------------------
2020-10-23 17:32:06,658 - INFO - ------------------------------已获取是用户luhan(3756275632)的第3页微博------------------------------
2020-10-23 17:32:06,897 - INFO - 微博正文：不敢在网上肆意冲浪了 可能会遇见一个公司的都不一定 
2020-10-23 17:32:06,897 - INFO - ------------------------------------------------------------------------------------------------------------------------
2020-10-23 17:32:06,897 - INFO - 微博正文：证件照 by同事甲可以培养一下当专职摄影师 
2020-10-23 17:32:06,897 - INFO - ------------------------------------------------------------------------------------------------------------------------
2020-10-23 17:32:06,898 - INFO - 微博正文：昨晚的蛋糕🍰根本就吃不完做作的拿起法拉利咬了口拍了张照片就放下了经过一夜 蛋糕似乎口感都不好了啊 好浪费 
2020-10-23 17:32:06,898 - INFO - ------------------------------------------------------------------------------------------------------------------------
2020-10-23 17:32:06,899 - INFO - 微博正文：能不能下来帮我拿个东西呀是什么呀 蛋糕吗嘻嘻(♡˙︶˙♡)今天是幸福满满的寿星小公主 感恩所有的美好  
2020-10-23 17:32:06,899 - INFO - ------------------------------------------------------------------------------------------------------------------------
2020-10-23 17:32:06,899 - INFO - 微博正文：乐事最懂我 
2020-10-23 17:32:06,899 - INFO - ------------------------------------------------------------------------------------------------------------------------
2020-10-23 17:32:06,900 - INFO - 微博正文：#立志当个美食家# 果然我是接受不了日料的尝试过很多次了还是不行远远没有一顿烤肉或者火锅来得过瘾 苏州·三多屋日本料理 
2020-10-23 17:32:06,900 - INFO - ------------------------------------------------------------------------------------------------------------------------
2020-10-23 17:32:06,900 - INFO - 微博正文：国庆八天 相册多了两百多张图你看 不吃吃喝喝玩玩乐乐 怎么会有素材 
2020-10-23 17:32:06,900 - INFO - ------------------------------------------------------------------------------------------------------------------------
2020-10-23 17:32:06,900 - INFO - 微博正文：抛开其他任何事不说 恶语伤人最体现人品了 
2020-10-23 17:32:06,900 - INFO - ------------------------------------------------------------------------------------------------------------------------
2020-10-23 17:32:06,901 - INFO - 微博正文：近期 上班最晚的一次出门 
2020-10-23 17:32:06,901 - INFO - ------------------------------------------------------------------------------------------------------------------------
2020-10-23 17:32:06,901 - INFO - 微博正文：选择快乐 
2020-10-23 17:32:06,901 - INFO - ------------------------------------------------------------------------------------------------------------------------
2020-10-23 17:32:06,901 - INFO - ------------------------------已获取是用户luhan(3756275632)的第4页微博------------------------------
2020-10-23 17:32:08,070 - INFO - 微博正文：这里 苏州·苏州金鹰国际广场 
2020-10-23 17:32:08,070 - INFO - ------------------------------------------------------------------------------------------------------------------------
2020-10-23 17:32:08,070 - INFO - 微博正文：店主是不是也很喜欢听杰伦的《半岛铁盒》 
2020-10-23 17:32:08,070 - INFO - ------------------------------------------------------------------------------------------------------------------------
2020-10-23 17:32:08,070 - INFO - 微博正文：又到了穿这件可爱衣服的时候啦虽然它短 稍微不注意就会露肚皮 
2020-10-23 17:32:08,071 - INFO - ------------------------------------------------------------------------------------------------------------------------
2020-10-23 17:32:08,071 - INFO - 微博正文：春困秋乏不想上班 
2020-10-23 17:32:08,071 - INFO - ------------------------------------------------------------------------------------------------------------------------
2020-10-23 17:32:08,072 - INFO - 微博正文：#奶茶续命连续剧#一点点下班好开心(●°u°●) 」 苏州·龙湖狮山天街 
2020-10-23 17:32:08,072 - INFO - ------------------------------------------------------------------------------------------------------------------------
2020-10-23 17:32:08,072 - INFO - 微博正文：#LH的日常# 算了 明天发工资了 后天又放假一天再坚持一下 
2020-10-23 17:32:08,072 - INFO - ------------------------------------------------------------------------------------------------------------------------
2020-10-23 17:32:46,044 - INFO - 微博正文：#LH的日常#前段时间下班回来进电梯的时候手上拿满了快递 腾不出手按楼层 电梯里还有一个年纪大一点的大叔 直接按了我住的那层的按钮 当时觉得有点可怕 他怎么会知道我住哪层 又不认识 今天晚上有男的敲门 我问是谁 他说走错了 然后走开了 但还是吓了我一跳唉一天天的尽是让人恐慌大哥得赶紧把跆拳 ...全文
2020-10-23 17:32:46,045 - INFO - ------------------------------------------------------------------------------------------------------------------------
2020-10-23 17:32:46,046 - INFO - 微博正文：好了 大鹅 你不要再扑腾了 奶茶不喝是不可能的减肥 要看时机 铁锤鲁智深的微博视频 
2020-10-23 17:32:46,046 - INFO - ------------------------------------------------------------------------------------------------------------------------
2020-10-23 17:32:46,046 - INFO - 微博正文：假期一眨眼 舍不得 
2020-10-23 17:32:46,046 - INFO - ------------------------------------------------------------------------------------------------------------------------
2020-10-23 17:32:46,047 - INFO - 微博正文：#奶茶续命连续剧#machi machi杰伦为什么喜欢喝这种口味的奶茶呢 除了底部奶酪好吃 上层的奶茶口感就很一般好不好 无锡 
2020-10-23 17:32:46,047 - INFO - ------------------------------------------------------------------------------------------------------------------------
2020-10-23 17:32:46,047 - INFO - ------------------------------已获取是用户luhan(3756275632)的第5页微博------------------------------
2020-10-23 17:32:54,318 - INFO - 正在过滤转发微博
2020-10-23 17:32:54,319 - INFO - 微博正文：#反正假期是快消失了# 想起以前上学 国庆假期还剩一天的时候 就开始翻出作业准备开始恶补了现在上班还好不用补作业明天还能玩一天 
2020-10-23 17:32:54,319 - INFO - ------------------------------------------------------------------------------------------------------------------------
2020-10-23 17:32:54,319 - INFO - 微博正文：#奶茶续命连续剧#迷客夏自带吸引狗狗光环 苏州·圆融时代广场 
2020-10-23 17:32:54,320 - INFO - ------------------------------------------------------------------------------------------------------------------------
2020-10-23 17:32:54,320 - INFO - 微博正文：帅哥 葫芦哪里买的 我也想要一个带到办公室喝水 苏州·苏州七里山塘景区 
2020-10-23 17:32:54,320 - INFO - ------------------------------------------------------------------------------------------------------------------------
2020-10-23 17:32:54,321 - INFO - 微博正文：#奶茶续命连续剧#COCO应该改话题名字叫大型自恋连续剧 
2020-10-23 17:32:54,321 - INFO - ------------------------------------------------------------------------------------------------------------------------
2020-10-23 17:32:54,321 - INFO - 微博正文：#奶茶续命连续剧# 伏见桃山美颜相机里的我真好看 
2020-10-23 17:32:54,321 - INFO - ------------------------------------------------------------------------------------------------------------------------
2020-10-23 17:32:54,321 - INFO - 微博正文：out了 什么时候小黄变成小绿和小蓝了 
2020-10-23 17:32:54,321 - INFO - ------------------------------------------------------------------------------------------------------------------------
2020-10-23 17:32:54,322 - INFO - 微博正文：关于我我爸：你这个人一点情调没有的我妈：也不知道打扮自己 衣服难看死了 你这样哪有男孩子喜欢你 
2020-10-23 17:32:54,322 - INFO - ------------------------------------------------------------------------------------------------------------------------
2020-10-23 17:32:54,322 - INFO - 微博正文：我爸我妈现在每天都会联合对我的终身大事研究讨论唉声叹气一番 真好 
2020-10-23 17:32:54,322 - INFO - ------------------------------------------------------------------------------------------------------------------------
2020-10-23 17:32:54,323 - INFO - 微博正文：早鸭小胖 上海 
2020-10-23 17:32:54,323 - INFO - ------------------------------------------------------------------------------------------------------------------------
2020-10-23 17:32:54,323 - INFO - ------------------------------已获取是用户luhan(3756275632)的第6页微博------------------------------
2020-10-23 17:32:54,614 - INFO - 微博正文：城市地铁的漫长换乘 
2020-10-23 17:32:54,614 - INFO - ------------------------------------------------------------------------------------------------------------------------
2020-10-23 17:32:54,615 - INFO - 微博正文：这个月吃了太多冰的和辣的生理期得痛死了吧 
2020-10-23 17:32:54,615 - INFO - ------------------------------------------------------------------------------------------------------------------------
2020-10-23 17:32:54,615 - INFO - 微博正文：想去北京天安门看升旗仪式就想知道人还多不多 镇江·镇江站 
2020-10-23 17:32:54,615 - INFO - ------------------------------------------------------------------------------------------------------------------------
2020-10-23 17:32:54,616 - INFO - 微博正文：要继续善良任性随心所欲不可一世 微博视频 
2020-10-23 17:32:54,616 - INFO - ------------------------------------------------------------------------------------------------------------------------
2020-10-23 17:32:54,616 - INFO - 微博正文：操碎了心 真的征到了一个 
2020-10-23 17:32:54,616 - INFO - ------------------------------------------------------------------------------------------------------------------------
2020-10-23 17:32:54,617 - INFO - 微博正文：世间美好 从日出到月出 #国庆中秋快乐 希望这个十月可以收获双倍美好  镇江 微博视频 
2020-10-23 17:32:54,617 - INFO - ------------------------------------------------------------------------------------------------------------------------
2020-10-23 17:32:54,617 - INFO - 微博正文：“爱你的人 只会越来越爱 变着法子的爱你 一直爱你 永远爱你”啊我也想结婚 蓉蓉今天好漂亮 
2020-10-23 17:32:54,617 - INFO - ------------------------------------------------------------------------------------------------------------------------
2020-10-23 17:32:54,618 - INFO - 微博正文：#LH的日常# 千里迢迢尝一下镇江的麻辣烫吧本来可以去泰州吃大餐的 太堵了我以后结婚还是尽量避开大型节假日叭我不管 晚上我要吃回本 扬中市 
2020-10-23 17:32:54,618 - INFO - ------------------------------------------------------------------------------------------------------------------------
2020-10-23 17:32:54,619 - INFO - 微博正文：想起2017年那次国庆 回家用了11个小时 
2020-10-23 17:32:54,619 - INFO - ------------------------------------------------------------------------------------------------------------------------
2020-10-23 17:32:54,619 - INFO - 微博正文：大哥心态崩了啊 
2020-10-23 17:32:54,619 - INFO - ------------------------------------------------------------------------------------------------------------------------
2020-10-23 17:32:54,619 - INFO - ------------------------------已获取是用户luhan(3756275632)的第7页微博------------------------------
2020-10-23 17:33:01,949 - INFO - 正在过滤转发微博
2020-10-23 17:33:01,950 - INFO - 正在过滤转发微博
2020-10-23 17:33:01,951 - INFO - 微博正文：嘀嗒怎么崩了 程序员在干嘛噢急 
2020-10-23 17:33:01,951 - INFO - ------------------------------------------------------------------------------------------------------------------------
2020-10-23 17:33:01,951 - INFO - 微博正文：秋天很好我爱秋天 
2020-10-23 17:33:01,951 - INFO - ------------------------------------------------------------------------------------------------------------------------
2020-10-23 17:33:01,952 - INFO - 微博正文：终于看了音乐喷泉渐渐也觉着美好的事物总是很短暂苏州·金鸡湖 微博视频 
2020-10-23 17:33:01,952 - INFO - ------------------------------------------------------------------------------------------------------------------------
2020-10-23 17:33:01,952 - INFO - 微博正文：所谓顿悟 最恰当描述不过学的知识和理论与实际发生了契合，直击心灵 
2020-10-23 17:33:01,952 - INFO - ------------------------------------------------------------------------------------------------------------------------
2020-10-23 17:33:01,953 - INFO - 微博正文：日月星辰 皆好 微博视频 
2020-10-23 17:33:01,953 - INFO - ------------------------------------------------------------------------------------------------------------------------
2020-10-23 17:33:01,953 - INFO - 微博正文：这是我的小小#新年心愿#，2020届时请多多关照！ 
2020-10-23 17:33:01,953 - INFO - ------------------------------------------------------------------------------------------------------------------------
2020-10-23 17:33:01,953 - INFO - ------------------------------已获取是用户luhan(3756275632)的第8页微博------------------------------
2020-10-23 17:33:10,287 - INFO - 微博正文：Enjoy the moment 笉攸-的秒拍视频 
2020-10-23 17:33:10,287 - INFO - ------------------------------------------------------------------------------------------------------------------------
2020-10-23 17:33:10,287 - INFO - 微博正文：所谓眼里有你 
2020-10-23 17:33:10,287 - INFO - ------------------------------------------------------------------------------------------------------------------------
2020-10-23 17:33:10,288 - INFO - 微博正文：be far away from philosophy and deep thoughtyou can protect your hair 
2020-10-23 17:33:10,288 - INFO - ------------------------------------------------------------------------------------------------------------------------
2020-10-23 17:33:10,288 - INFO - 微博正文：“无知者无畏”“我知道的就是我一无所知” 
2020-10-23 17:33:10,288 - INFO - ------------------------------------------------------------------------------------------------------------------------
2020-10-23 17:33:10,288 - INFO - 微博正文：健康与生命的保障     食物     睡眠金钱及金钱所能买到的东西     长寿性欲的满足亲人的幸福    显要感 
2020-10-23 17:33:10,289 - INFO - ------------------------------------------------------------------------------------------------------------------------
2020-10-23 17:33:10,289 - INFO - 微博正文：出游日 
2020-10-23 17:33:10,289 - INFO - ------------------------------------------------------------------------------------------------------------------------
2020-10-23 17:33:10,289 - INFO - ------------------------------已获取是用户luhan(3756275632)的第9页微博------------------------------
2020-10-23 17:33:10,424 - INFO - 80条微博写入MongoDB数据库完毕
2020-10-23 17:33:10,424 - INFO - 微博爬取完成，共爬取80条微博
2020-10-23 17:33:10,424 - INFO - 信息抓取完毕
2020-10-23 17:33:10,424 - INFO - ****************************************************************************************************
